> Task :compileJava
> Task :processResources UP-TO-DATE
> Task :classes
> Task :resolveMainClassName

> Task :bootRun

  .   ____          _            __ _ _
 /\\ / ___'_ __ _ _(_)_ __  __ _ \ \ \ \
( ( )\___ | '_ | '_| | '_ \/ _` | \ \ \ \
 \\/  ___)| |_)| | | | | || (_| |  ) ) ) )
  '  |____| .__|_| |_|_| |_\__, | / / / /
 =========|_|==============|___/=/_/_/_/

 :: Spring Boot ::      (v3.5.15-SNAPSHOT)

2026-05-04T00:28:10.326+09:00  INFO 41912 --- [  restartedMain] com.fitroute.FitrouteApplication         : Starting FitrouteApplication using Java 21.0.2 with PID 41912 (/Users/kimjimin/IdeaProjects/fitroute/fitroute-backend/build/classes/java/main started by ? in /Users/kimjimin/IdeaProjects/fitroute/fitroute-backend)
2026-05-04T00:28:10.328+09:00  INFO 41912 --- [  restartedMain] com.fitroute.FitrouteApplication         : No active profile set, falling back to 1 default profile: "default"
2026-05-04T00:28:10.363+09:00  INFO 41912 --- [  restartedMain] .e.DevToolsPropertyDefaultsPostProcessor : Devtools property defaults active! Set 'spring.devtools.add-properties' to 'false' to disable
2026-05-04T00:28:10.363+09:00  INFO 41912 --- [  restartedMain] .e.DevToolsPropertyDefaultsPostProcessor : For additional web related logging consider setting the 'logging.level.web' property to 'DEBUG'
2026-05-04T00:28:11.100+09:00  INFO 41912 --- [  restartedMain] .s.d.r.c.RepositoryConfigurationDelegate : Multiple Spring Data modules found, entering strict repository configuration mode
2026-05-04T00:28:11.101+09:00  INFO 41912 --- [  restartedMain] .s.d.r.c.RepositoryConfigurationDelegate : Bootstrapping Spring Data JPA repositories in DEFAULT mode.
2026-05-04T00:28:11.222+09:00  INFO 41912 --- [  restartedMain] .s.d.r.c.RepositoryConfigurationDelegate : Finished Spring Data repository scanning in 113 ms. Found 2 JPA repository interfaces.
2026-05-04T00:28:11.238+09:00  INFO 41912 --- [  restartedMain] .s.d.r.c.RepositoryConfigurationDelegate : Multiple Spring Data modules found, entering strict repository configuration mode
2026-05-04T00:28:11.239+09:00  INFO 41912 --- [  restartedMain] .s.d.r.c.RepositoryConfigurationDelegate : Bootstrapping Spring Data Redis repositories in DEFAULT mode.
2026-05-04T00:28:11.252+09:00  INFO 41912 --- [  restartedMain] .RepositoryConfigurationExtensionSupport : Spring Data Redis - Could not safely identify store assignment for repository candidate interface com.fitroute.domain.user.repository.UserProfileRepository; If you want this repository to be a Redis repository, consider annotating your entities with one of these annotations: org.springframework.data.redis.core.RedisHash (preferred), or consider extending one of the following types with your repository: org.springframework.data.keyvalue.repository.KeyValueRepository
2026-05-04T00:28:11.252+09:00  INFO 41912 --- [  restartedMain] .RepositoryConfigurationExtensionSupport : Spring Data Redis - Could not safely identify store assignment for repository candidate interface com.fitroute.domain.user.repository.UserRepository; If you want this repository to be a Redis repository, consider annotating your entities with one of these annotations: org.springframework.data.redis.core.RedisHash (preferred), or consider extending one of the following types with your repository: org.springframework.data.keyvalue.repository.KeyValueRepository
2026-05-04T00:28:11.253+09:00  INFO 41912 --- [  restartedMain] .s.d.r.c.RepositoryConfigurationDelegate : Finished Spring Data repository scanning in 6 ms. Found 0 Redis repository interfaces.
2026-05-04T00:28:11.828+09:00  INFO 41912 --- [  restartedMain] o.s.b.w.embedded.tomcat.TomcatWebServer  : Tomcat initialized with port 8080 (http)
2026-05-04T00:28:11.842+09:00  INFO 41912 --- [  restartedMain] o.apache.catalina.core.StandardService   : Starting service [Tomcat]
2026-05-04T00:28:11.843+09:00  INFO 41912 --- [  restartedMain] o.apache.catalina.core.StandardEngine    : Starting Servlet engine: [Apache Tomcat/10.1.54]
2026-05-04T00:28:12.002+09:00  INFO 41912 --- [  restartedMain] o.a.c.c.C.[Tomcat].[localhost].[/]       : Initializing Spring embedded WebApplicationContext
2026-05-04T00:28:12.004+09:00  INFO 41912 --- [  restartedMain] w.s.c.ServletWebServerApplicationContext : Root WebApplicationContext: initialization completed in 1639 ms
2026-05-04T00:28:12.191+09:00  INFO 41912 --- [  restartedMain] o.hibernate.jpa.internal.util.LogHelper  : HHH000204: Processing PersistenceUnitInfo [name: default]
2026-05-04T00:28:12.233+09:00  INFO 41912 --- [  restartedMain] org.hibernate.Version                    : HHH000412: Hibernate ORM core version 6.6.49.Final
2026-05-04T00:28:12.261+09:00  INFO 41912 --- [  restartedMain] o.h.c.internal.RegionFactoryInitiator    : HHH000026: Second-level cache disabled
2026-05-04T00:28:12.533+09:00  INFO 41912 --- [  restartedMain] o.s.o.j.p.SpringPersistenceUnitInfo      : No LoadTimeWeaver setup: ignoring JPA class transformer
2026-05-04T00:28:12.564+09:00  INFO 41912 --- [  restartedMain] com.zaxxer.hikari.HikariDataSource       : HikariPool-1 - Starting...
2026-05-04T00:28:12.747+09:00  INFO 41912 --- [  restartedMain] com.zaxxer.hikari.pool.HikariPool        : HikariPool-1 - Added connection com.mysql.cj.jdbc.ConnectionImpl@756cadb9
2026-05-04T00:28:12.749+09:00  INFO 41912 --- [  restartedMain] com.zaxxer.hikari.HikariDataSource       : HikariPool-1 - Start completed.
2026-05-04T00:28:12.792+09:00  WARN 41912 --- [  restartedMain] org.hibernate.orm.deprecation            : HHH90000025: MySQLDialect does not need to be specified explicitly using 'hibernate.dialect' (remove the property setting and it will be selected by default)
2026-05-04T00:28:12.809+09:00  INFO 41912 --- [  restartedMain] org.hibernate.orm.connections.pooling    : HHH10001005: Database info:
	Database JDBC URL [Connecting through datasource 'HikariDataSource (HikariPool-1)']
	Database driver: undefined/unknown
	Database version: 8.0.46
	Autocommit mode: undefined/unknown
	Isolation level: undefined/unknown
	Minimum pool size: undefined/unknown
	Maximum pool size: undefined/unknown
2026-05-04T00:28:13.604+09:00  INFO 41912 --- [  restartedMain] o.h.e.t.j.p.i.JtaPlatformInitiator       : HHH000489: No JTA platform available (set 'hibernate.transaction.jta.platform' to enable JTA platform integration)
Hibernate: 
    alter table user_profiles 
       add column birth_date date default '1900-01-01'
2026-05-04T00:28:13.961+09:00  INFO 41912 --- [  restartedMain] j.LocalContainerEntityManagerFactoryBean : Initialized JPA EntityManagerFactory for persistence unit 'default'
2026-05-04T00:28:14.843+09:00  WARN 41912 --- [  restartedMain] JpaBaseConfiguration$JpaWebConfiguration : spring.jpa.open-in-view is enabled by default. Therefore, database queries may be performed during view rendering. Explicitly configure spring.jpa.open-in-view to disable this warning
2026-05-04T00:28:15.048+09:00  WARN 41912 --- [  restartedMain] .s.s.UserDetailsServiceAutoConfiguration : 

Using generated security password: 7efe3a86-c295-40f9-a9e7-e2555050e1ef

This generated password is for development use only. Your security configuration must be updated before running your application in production.

2026-05-04T00:28:15.056+09:00  INFO 41912 --- [  restartedMain] r$InitializeUserDetailsManagerConfigurer : Global AuthenticationManager configured with UserDetailsService bean with name inMemoryUserDetailsManager
2026-05-04T00:28:15.437+09:00  INFO 41912 --- [  restartedMain] o.s.b.d.a.OptionalLiveReloadServer       : LiveReload server is running on port 35729
2026-05-04T00:28:15.469+09:00  INFO 41912 --- [  restartedMain] o.s.b.w.embedded.tomcat.TomcatWebServer  : Tomcat started on port 8080 (http) with context path '/'
2026-05-04T00:28:15.478+09:00  INFO 41912 --- [  restartedMain] com.fitroute.FitrouteApplication         : Started FitrouteApplication in 5.529 seconds (process running for 5.918)
2026-05-04T00:28:15.481+09:00  WARN 41912 --- [  restartedMain] o.s.core.events.SpringDocAppInitializer  : SpringDoc /v3/api-docs endpoint is enabled by default. To disable it in production, set the property 'springdoc.api-docs.enabled=false'
2026-05-04T00:28:15.481+09:00  WARN 41912 --- [  restartedMain] o.s.core.events.SpringDocAppInitializer  : SpringDoc /swagger-ui.html endpoint is enabled by default. To disable it in production, set the property 'springdoc.swagger-ui.enabled=false'
2026-05-04T00:28:22.236+09:00  INFO 41912 --- [nio-8080-exec-1] o.a.c.c.C.[Tomcat].[localhost].[/]       : Initializing Spring DispatcherServlet 'dispatcherServlet'
2026-05-04T00:28:22.236+09:00  INFO 41912 --- [nio-8080-exec-1] o.s.web.servlet.DispatcherServlet        : Initializing Servlet 'dispatcherServlet'
2026-05-04T00:28:22.237+09:00  INFO 41912 --- [nio-8080-exec-1] o.s.web.servlet.DispatcherServlet        : Completed initialization in 1 ms
Hibernate: 
    select
        u1_0.id 
    from
        users u1_0 
    where
        u1_0.encrypted_email=? 
    limit
        ?
Hibernate: 
    insert 
    into
        users
        (encrypted_email, password, role) 
    values
        (?, ?, ?)
Hibernate: 
    insert 
    into
        user_profiles
        (activity_level, birth_date, gender, height, target_period, target_weight, user_id, weight) 
    values
        (?, ?, ?, ?, ?, ?, ?, ?)
Hibernate: 
    select
        u1_0.id,
        u1_0.encrypted_email,
        u1_0.password,
        u1_0.role 
    from
        users u1_0 
    where
        u1_0.encrypted_email=?
Hibernate: 
    select
        u1_0.id 
    from
        users u1_0 
    where
        u1_0.encrypted_email=? 
    limit
        ?
Hibernate: 
    insert 
    into
        users
        (encrypted_email, password, role) 
    values
        (?, ?, ?)
Hibernate: 
    insert 
    into
        user_profiles
        (activity_level, birth_date, gender, height, target_period, target_weight, user_id, weight) 
    values
        (?, ?, ?, ?, ?, ?, ?, ?)
